============================================
 PHASE 1: Training all models
============================================
[1/7] Fine-tuning unpruned baseline...
Device: cuda

==================================================
DeiT-Small (unpruned, pretrained)
  Total params:     21,704,164
  Attention params: 7,096,320
  MLP params:       14,178,816
  Other params:     429,028
==================================================


Training unpruned_ft for 40 epochs (lr=0.0001)

Epoch   1/40 | Train 46.58% | Test 72.40% | LR 4.00e-05
Epoch   2/40 | Train 78.62% | Test 81.86% | LR 6.00e-05
Epoch   3/40 | Train 85.03% | Test 84.42% | LR 8.00e-05
Epoch   4/40 | Train 88.12% | Test 84.65% | LR 1.00e-04
Epoch   5/40 | Train 90.09% | Test 84.00% | LR 1.00e-04
Epoch   6/40 | Train 92.43% | Test 85.23% | LR 9.98e-05
Epoch   7/40 | Train 94.40% | Test 85.53% | LR 9.92e-05
Epoch   8/40 | Train 95.32% | Test 85.01% | LR 9.82e-05
Epoch   9/40 | Train 96.17% | Test 84.35% | LR 9.68e-05
Epoch  10/40 | Train 96.64% | Test 85.96% | LR 9.50e-05
Epoch  11/40 | Train 97.21% | Test 84.94% | LR 9.29e-05
Epoch  12/40 | Train 97.57% | Test 85.35% | LR 9.05e-05
Epoch  13/40 | Train 97.90% | Test 85.97% | LR 8.77e-05
Epoch  14/40 | Train 98.29% | Test 85.47% | LR 8.46e-05
Epoch  15/40 | Train 98.20% | Test 85.55% | LR 8.12e-05
Epoch  16/40 | Train 98.60% | Test 85.79% | LR 7.75e-05
Epoch  17/40 | Train 98.81% | Test 84.89% | LR 7.37e-05
Epoch  18/40 | Train 98.85% | Test 85.73% | LR 6.97e-05
Epoch  19/40 | Train 99.12% | Test 86.01% | LR 6.55e-05
Epoch  20/40 | Train 99.34% | Test 86.18% | LR 6.11e-05
Epoch  21/40 | Train 99.18% | Test 86.48% | LR 5.67e-05
Epoch  22/40 | Train 99.41% | Test 87.09% | LR 5.22e-05
Epoch  23/40 | Train 99.52% | Test 87.16% | LR 4.78e-05
Epoch  24/40 | Train 99.59% | Test 86.62% | LR 4.33e-05
Epoch  25/40 | Train 99.64% | Test 87.13% | LR 3.89e-05
Epoch  26/40 | Train 99.75% | Test 86.85% | LR 3.45e-05
Epoch  27/40 | Train 99.78% | Test 87.57% | LR 3.03e-05
Epoch  28/40 | Train 99.84% | Test 87.73% | LR 2.63e-05
Epoch  29/40 | Train 99.88% | Test 87.75% | LR 2.25e-05
Epoch  30/40 | Train 99.91% | Test 88.21% | LR 1.88e-05
Epoch  31/40 | Train 99.94% | Test 87.91% | LR 1.54e-05
Epoch  32/40 | Train 99.95% | Test 88.00% | LR 1.23e-05
Epoch  33/40 | Train 99.95% | Test 87.93% | LR 9.55e-06
Epoch  34/40 | Train 99.94% | Test 88.24% | LR 7.08e-06
Epoch  35/40 | Train 99.96% | Test 88.26% | LR 4.95e-06
Epoch  36/40 | Train 99.97% | Test 88.25% | LR 3.19e-06
Epoch  37/40 | Train 99.97% | Test 88.53% | LR 1.80e-06
Epoch  38/40 | Train 99.98% | Test 88.49% | LR 8.04e-07
Epoch  39/40 | Train 99.98% | Test 88.40% | LR 2.01e-07
Epoch  40/40 | Train 99.98% | Test 88.39% | LR 0.00e+00

==================================================
Done: unpruned_ft
  Best test acc: 88.53%
  Final test acc: 88.39%
  Time: 45.2 min
  Saved to: ./outputs/unpruned_ft
==================================================
[2/7] Fine-tuning pruned-50% model...
Device: cuda
Keeping heads: [2, 3, 5]

==================================================
DeiT-Small (prune50, fine-tune)
  Total params:     11,071,204
  Attention params: 3,550,464
  MLP params:       7,091,712
  Other params:     429,028
==================================================


Training p50_ft for 40 epochs (lr=0.0001)

Epoch   1/40 | Train 14.89% | Test 27.63% | LR 4.00e-05
Epoch   2/40 | Train 34.68% | Test 43.67% | LR 6.00e-05
Epoch   3/40 | Train 48.54% | Test 54.40% | LR 8.00e-05
Epoch   4/40 | Train 58.41% | Test 61.81% | LR 1.00e-04
Epoch   5/40 | Train 65.40% | Test 66.39% | LR 1.00e-04
Epoch   6/40 | Train 71.73% | Test 69.94% | LR 9.98e-05
Epoch   7/40 | Train 76.42% | Test 71.55% | LR 9.92e-05
Epoch   8/40 | Train 80.53% | Test 72.13% | LR 9.82e-05
Epoch   9/40 | Train 83.61% | Test 74.33% | LR 9.68e-05
Epoch  10/40 | Train 86.67% | Test 74.56% | LR 9.50e-05
Epoch  11/40 | Train 89.21% | Test 75.13% | LR 9.29e-05
Epoch  12/40 | Train 91.50% | Test 75.02% | LR 9.05e-05
Epoch  13/40 | Train 93.44% | Test 75.80% | LR 8.77e-05
Epoch  14/40 | Train 94.37% | Test 75.62% | LR 8.46e-05
Epoch  15/40 | Train 95.59% | Test 75.80% | LR 8.12e-05
Epoch  16/40 | Train 96.51% | Test 76.48% | LR 7.75e-05
Epoch  17/40 | Train 97.18% | Test 76.70% | LR 7.37e-05
Epoch  18/40 | Train 97.56% | Test 76.55% | LR 6.97e-05
Epoch  19/40 | Train 98.03% | Test 77.66% | LR 6.55e-05
Epoch  20/40 | Train 98.45% | Test 77.19% | LR 6.11e-05
Epoch  21/40 | Train 98.50% | Test 77.43% | LR 5.67e-05
Epoch  22/40 | Train 98.94% | Test 77.18% | LR 5.22e-05
Epoch  23/40 | Train 99.02% | Test 77.04% | LR 4.78e-05
Epoch  24/40 | Train 99.39% | Test 77.80% | LR 4.33e-05
Epoch  25/40 | Train 99.41% | Test 77.45% | LR 3.89e-05
Epoch  26/40 | Train 99.50% | Test 78.10% | LR 3.45e-05
Epoch  27/40 | Train 99.69% | Test 78.14% | LR 3.03e-05
Epoch  28/40 | Train 99.75% | Test 78.45% | LR 2.63e-05
Epoch  29/40 | Train 99.81% | Test 78.86% | LR 2.25e-05
Epoch  30/40 | Train 99.85% | Test 79.24% | LR 1.88e-05
Epoch  31/40 | Train 99.91% | Test 79.02% | LR 1.54e-05
Epoch  32/40 | Train 99.89% | Test 78.98% | LR 1.23e-05
Epoch  33/40 | Train 99.93% | Test 79.25% | LR 9.55e-06
Epoch  34/40 | Train 99.92% | Test 79.52% | LR 7.08e-06
Epoch  35/40 | Train 99.95% | Test 79.48% | LR 4.95e-06
Epoch  36/40 | Train 99.95% | Test 79.72% | LR 3.19e-06
Epoch  37/40 | Train 99.96% | Test 79.75% | LR 1.80e-06
Epoch  38/40 | Train 99.97% | Test 79.60% | LR 8.04e-07
Epoch  39/40 | Train 99.97% | Test 79.66% | LR 2.01e-07
Epoch  40/40 | Train 99.97% | Test 79.67% | LR 0.00e+00

==================================================
Done: p50_ft
  Best test acc: 79.75%
  Final test acc: 79.67%
  Time: 40.2 min
  Saved to: ./outputs/p50_ft
==================================================
[3/7] Training pruned-50% from scratch (Scratch-E)...
Device: cuda

==================================================
DeiT-Small (prune50, scratch)
  Total params:     11,071,204
  Attention params: 3,550,464
  MLP params:       7,091,712
  Other params:     429,028
==================================================


Training p50_scrE for 40 epochs (lr=0.0005)

Epoch   1/40 | Train 10.95% | Test 16.76% | LR 2.00e-04
Epoch   2/40 | Train 17.77% | Test 21.47% | LR 3.00e-04
Epoch   3/40 | Train 21.82% | Test 24.47% | LR 4.00e-04
Epoch   4/40 | Train 25.06% | Test 27.46% | LR 5.00e-04
Epoch   5/40 | Train 27.11% | Test 30.36% | LR 5.00e-04
Epoch   6/40 | Train 30.87% | Test 33.14% | LR 4.99e-04
Epoch   7/40 | Train 34.36% | Test 35.60% | LR 4.96e-04
Epoch   8/40 | Train 37.48% | Test 37.70% | LR 4.91e-04
Epoch   9/40 | Train 40.74% | Test 39.78% | LR 4.84e-04
Epoch  10/40 | Train 43.97% | Test 42.00% | LR 4.75e-04
Epoch  11/40 | Train 47.17% | Test 44.12% | LR 4.65e-04
Epoch  12/40 | Train 50.37% | Test 44.65% | LR 4.52e-04
Epoch  13/40 | Train 54.32% | Test 47.82% | LR 4.38e-04
Epoch  14/40 | Train 58.56% | Test 48.34% | LR 4.23e-04
Epoch  15/40 | Train 62.55% | Test 48.21% | LR 4.06e-04
Epoch  16/40 | Train 67.26% | Test 49.30% | LR 3.88e-04
Epoch  17/40 | Train 71.89% | Test 50.33% | LR 3.68e-04
Epoch  18/40 | Train 76.93% | Test 50.90% | LR 3.48e-04
Epoch  19/40 | Train 81.35% | Test 50.07% | LR 3.27e-04
Epoch  20/40 | Train 84.98% | Test 51.13% | LR 3.06e-04
Epoch  21/40 | Train 88.69% | Test 51.56% | LR 2.84e-04
Epoch  22/40 | Train 91.14% | Test 50.88% | LR 2.61e-04
Epoch  23/40 | Train 93.28% | Test 50.17% | LR 2.39e-04
Epoch  24/40 | Train 94.58% | Test 51.15% | LR 2.16e-04
Epoch  25/40 | Train 95.80% | Test 51.21% | LR 1.94e-04
Epoch  26/40 | Train 96.80% | Test 52.30% | LR 1.73e-04
Epoch  27/40 | Train 97.36% | Test 51.60% | LR 1.52e-04
Epoch  28/40 | Train 98.12% | Test 52.15% | LR 1.32e-04
Epoch  29/40 | Train 98.61% | Test 53.04% | LR 1.12e-04
Epoch  30/40 | Train 98.89% | Test 52.38% | LR 9.41e-05
Epoch  31/40 | Train 99.16% | Test 52.85% | LR 7.72e-05
Epoch  32/40 | Train 99.36% | Test 53.44% | LR 6.17e-05
Epoch  33/40 | Train 99.53% | Test 53.26% | LR 4.77e-05
Epoch  34/40 | Train 99.73% | Test 53.42% | LR 3.54e-05
Epoch  35/40 | Train 99.72% | Test 53.93% | LR 2.48e-05
Epoch  36/40 | Train 99.81% | Test 53.87% | LR 1.59e-05
Epoch  37/40 | Train 99.83% | Test 54.09% | LR 9.01e-06
Epoch  38/40 | Train 99.86% | Test 54.14% | LR 4.02e-06
Epoch  39/40 | Train 99.88% | Test 54.16% | LR 1.01e-06
Epoch  40/40 | Train 99.89% | Test 54.06% | LR 0.00e+00

==================================================
Done: p50_scrE
  Best test acc: 54.16%
  Final test acc: 54.06%
  Time: 40.2 min
  Saved to: ./outputs/p50_scrE
==================================================
[4/7] Training pruned-50% from scratch (Scratch-B)...
Device: cuda

==================================================
DeiT-Small (prune50, scratch)
  Total params:     11,071,204
  Attention params: 3,550,464
  MLP params:       7,091,712
  Other params:     429,028
==================================================


Training p50_scrB for 100 epochs (lr=0.0005)

Epoch   1/100 | Train 10.95% | Test 16.76% | LR 2.00e-04
Epoch   2/100 | Train 17.77% | Test 21.47% | LR 3.00e-04
Epoch   3/100 | Train 21.82% | Test 24.47% | LR 4.00e-04
Epoch   4/100 | Train 25.06% | Test 27.46% | LR 5.00e-04
Epoch   5/100 | Train 27.11% | Test 30.36% | LR 5.00e-04
Epoch   6/100 | Train 30.87% | Test 33.14% | LR 5.00e-04
Epoch   7/100 | Train 34.32% | Test 35.63% | LR 4.99e-04
Epoch   8/100 | Train 37.50% | Test 38.80% | LR 4.99e-04
Epoch   9/100 | Train 40.88% | Test 40.15% | LR 4.98e-04
Epoch  10/100 | Train 43.60% | Test 42.23% | LR 4.97e-04
Epoch  11/100 | Train 47.22% | Test 43.33% | LR 4.95e-04
Epoch  12/100 | Train 49.80% | Test 44.59% | LR 4.93e-04
Epoch  13/100 | Train 53.26% | Test 46.57% | LR 4.91e-04
Epoch  14/100 | Train 57.09% | Test 46.75% | LR 4.89e-04
Epoch  15/100 | Train 60.54% | Test 46.61% | LR 4.86e-04
Epoch  16/100 | Train 64.31% | Test 48.99% | LR 4.84e-04
Epoch  17/100 | Train 68.26% | Test 48.91% | LR 4.81e-04
Epoch  18/100 | Train 71.81% | Test 47.88% | LR 4.77e-04
Epoch  19/100 | Train 75.79% | Test 49.33% | LR 4.74e-04
Epoch  20/100 | Train 78.60% | Test 50.24% | LR 4.70e-04
Epoch  21/100 | Train 82.36% | Test 49.05% | LR 4.66e-04
Epoch  22/100 | Train 84.43% | Test 49.56% | LR 4.62e-04
Epoch  23/100 | Train 85.96% | Test 49.07% | LR 4.57e-04
Epoch  24/100 | Train 87.88% | Test 49.33% | LR 4.52e-04
Epoch  25/100 | Train 88.95% | Test 49.12% | LR 4.47e-04
Epoch  26/100 | Train 89.71% | Test 49.39% | LR 4.42e-04
Epoch  27/100 | Train 91.63% | Test 49.27% | LR 4.37e-04
Epoch  28/100 | Train 91.20% | Test 50.05% | LR 4.31e-04
Epoch  29/100 | Train 92.49% | Test 49.71% | LR 4.25e-04
Epoch  30/100 | Train 92.55% | Test 49.90% | LR 4.19e-04
Epoch  31/100 | Train 93.14% | Test 49.58% | LR 4.13e-04
Epoch  32/100 | Train 93.34% | Test 48.84% | LR 4.07e-04
Epoch  33/100 | Train 94.34% | Test 50.08% | LR 4.00e-04
Epoch  34/100 | Train 94.63% | Test 50.02% | LR 3.94e-04
Epoch  35/100 | Train 95.16% | Test 50.18% | LR 3.87e-04
Epoch  36/100 | Train 95.08% | Test 50.32% | LR 3.80e-04
Epoch  37/100 | Train 95.34% | Test 49.04% | LR 3.73e-04
Epoch  38/100 | Train 95.49% | Test 50.06% | LR 3.65e-04
Epoch  39/100 | Train 96.32% | Test 50.89% | LR 3.58e-04
Epoch  40/100 | Train 96.41% | Test 49.70% | LR 3.50e-04
Epoch  41/100 | Train 96.36% | Test 50.78% | LR 3.43e-04
Epoch  42/100 | Train 96.53% | Test 50.85% | LR 3.35e-04
Epoch  43/100 | Train 96.93% | Test 50.53% | LR 3.27e-04
Epoch  44/100 | Train 97.06% | Test 50.07% | LR 3.19e-04
Epoch  45/100 | Train 97.19% | Test 50.13% | LR 3.11e-04
Epoch  46/100 | Train 97.59% | Test 50.95% | LR 3.03e-04
Epoch  47/100 | Train 97.51% | Test 50.21% | LR 2.95e-04
Epoch  48/100 | Train 97.87% | Test 51.14% | LR 2.87e-04
Epoch  49/100 | Train 98.05% | Test 49.38% | LR 2.79e-04
Epoch  50/100 | Train 98.01% | Test 51.20% | LR 2.71e-04
Epoch  51/100 | Train 98.04% | Test 50.59% | LR 2.62e-04
Epoch  52/100 | Train 98.11% | Test 50.92% | LR 2.54e-04
Epoch  53/100 | Train 98.46% | Test 50.50% | LR 2.46e-04
Epoch  54/100 | Train 98.80% | Test 51.16% | LR 2.38e-04
Epoch  55/100 | Train 98.83% | Test 51.61% | LR 2.29e-04
Epoch  56/100 | Train 98.85% | Test 51.19% | LR 2.21e-04
Epoch  57/100 | Train 98.72% | Test 50.94% | LR 2.13e-04
Epoch  58/100 | Train 99.07% | Test 51.97% | LR 2.05e-04
Epoch  59/100 | Train 99.08% | Test 51.42% | LR 1.97e-04
Epoch  60/100 | Train 99.26% | Test 51.05% | LR 1.89e-04
Epoch  61/100 | Train 99.06% | Test 51.32% | LR 1.81e-04
Epoch  62/100 | Train 99.22% | Test 51.61% | LR 1.73e-04
Epoch  63/100 | Train 99.30% | Test 52.11% | LR 1.65e-04
Epoch  64/100 | Train 99.43% | Test 52.25% | LR 1.57e-04
Epoch  65/100 | Train 99.55% | Test 52.15% | LR 1.50e-04
Epoch  66/100 | Train 99.49% | Test 51.97% | LR 1.42e-04
Epoch  67/100 | Train 99.53% | Test 52.37% | LR 1.35e-04
Epoch  68/100 | Train 99.63% | Test 52.63% | LR 1.27e-04
Epoch  69/100 | Train 99.60% | Test 52.57% | LR 1.20e-04
Epoch  70/100 | Train 99.65% | Test 52.40% | LR 1.13e-04
Epoch  71/100 | Train 99.71% | Test 52.64% | LR 1.06e-04
Epoch  72/100 | Train 99.72% | Test 53.36% | LR 9.97e-05
Epoch  73/100 | Train 99.76% | Test 53.39% | LR 9.32e-05
Epoch  74/100 | Train 99.84% | Test 53.19% | LR 8.69e-05
Epoch  75/100 | Train 99.84% | Test 53.35% | LR 8.07e-05
Epoch  76/100 | Train 99.84% | Test 52.98% | LR 7.47e-05
Epoch  77/100 | Train 99.88% | Test 53.18% | LR 6.89e-05
Epoch  78/100 | Train 99.89% | Test 53.30% | LR 6.33e-05
Epoch  79/100 | Train 99.89% | Test 54.35% | LR 5.79e-05
Epoch  80/100 | Train 99.89% | Test 53.55% | LR 5.27e-05
Epoch  81/100 | Train 99.90% | Test 54.23% | LR 4.77e-05
Epoch  82/100 | Train 99.92% | Test 53.80% | LR 4.30e-05
Epoch  83/100 | Train 99.92% | Test 53.85% | LR 3.85e-05
Epoch  84/100 | Train 99.93% | Test 54.20% | LR 3.42e-05
Epoch  85/100 | Train 99.95% | Test 53.91% | LR 3.01e-05
Epoch  86/100 | Train 99.95% | Test 54.20% | LR 2.63e-05
Epoch  87/100 | Train 99.94% | Test 54.37% | LR 2.27e-05
Epoch  88/100 | Train 99.95% | Test 54.59% | LR 1.94e-05
Epoch  89/100 | Train 99.95% | Test 54.57% | LR 1.64e-05
Epoch  90/100 | Train 99.95% | Test 54.49% | LR 1.35e-05
Epoch  91/100 | Train 99.96% | Test 54.42% | LR 1.10e-05
Epoch  92/100 | Train 99.95% | Test 54.47% | LR 8.70e-06
Epoch  93/100 | Train 99.96% | Test 54.68% | LR 6.67e-06
Epoch  94/100 | Train 99.96% | Test 54.50% | LR 4.91e-06
Epoch  95/100 | Train 99.97% | Test 54.74% | LR 3.41e-06
Epoch  96/100 | Train 99.98% | Test 54.66% | LR 2.18e-06
Epoch  97/100 | Train 99.97% | Test 54.56% | LR 1.23e-06
Epoch  98/100 | Train 99.97% | Test 54.61% | LR 5.47e-07
Epoch  99/100 | Train 99.97% | Test 54.62% | LR 1.37e-07
Epoch 100/100 | Train 99.97% | Test 54.64% | LR 0.00e+00

==================================================
Done: p50_scrB
  Best test acc: 54.74%
  Final test acc: 54.64%
  Time: 100.4 min
  Saved to: ./outputs/p50_scrB
==================================================
[5/7] Fine-tuning pruned-30% model...
Device: cuda
Keeping heads: [0, 2, 3, 5]

==================================================
DeiT-Small (prune30, fine-tune)
  Total params:     14,615,524
  Attention params: 4,732,416
  MLP params:       9,454,080
  Other params:     429,028
==================================================


Training p30_ft for 40 epochs (lr=0.0001)

Epoch   1/40 | Train 20.87% | Test 35.49% | LR 4.00e-05
Epoch   2/40 | Train 47.12% | Test 57.17% | LR 6.00e-05
Epoch   3/40 | Train 62.75% | Test 67.88% | LR 8.00e-05
Epoch   4/40 | Train 71.39% | Test 72.84% | LR 1.00e-04
Epoch   5/40 | Train 77.07% | Test 74.62% | LR 1.00e-04
Epoch   6/40 | Train 82.18% | Test 77.39% | LR 9.98e-05
Epoch   7/40 | Train 85.67% | Test 78.67% | LR 9.92e-05
Epoch   8/40 | Train 88.95% | Test 78.90% | LR 9.82e-05
Epoch   9/40 | Train 91.16% | Test 80.14% | LR 9.68e-05
Epoch  10/40 | Train 92.83% | Test 79.42% | LR 9.50e-05
Epoch  11/40 | Train 94.29% | Test 80.09% | LR 9.29e-05
Epoch  12/40 | Train 95.52% | Test 80.47% | LR 9.05e-05
Epoch  13/40 | Train 96.40% | Test 80.28% | LR 8.77e-05
Epoch  14/40 | Train 96.67% | Test 79.80% | LR 8.46e-05
Epoch  15/40 | Train 97.40% | Test 80.47% | LR 8.12e-05
Epoch  16/40 | Train 97.66% | Test 80.20% | LR 7.75e-05
Epoch  17/40 | Train 98.07% | Test 80.88% | LR 7.37e-05
Epoch  18/40 | Train 98.18% | Test 80.49% | LR 6.97e-05
Epoch  19/40 | Train 98.58% | Test 81.20% | LR 6.55e-05
Epoch  20/40 | Train 98.84% | Test 80.80% | LR 6.11e-05
Epoch  21/40 | Train 99.04% | Test 80.73% | LR 5.67e-05
Epoch  22/40 | Train 99.20% | Test 81.15% | LR 5.22e-05
Epoch  23/40 | Train 99.29% | Test 81.24% | LR 4.78e-05
Epoch  24/40 | Train 99.33% | Test 81.40% | LR 4.33e-05
Epoch  25/40 | Train 99.52% | Test 81.70% | LR 3.89e-05
Epoch  26/40 | Train 99.68% | Test 82.33% | LR 3.45e-05
Epoch  27/40 | Train 99.75% | Test 82.24% | LR 3.03e-05
Epoch  28/40 | Train 99.78% | Test 82.13% | LR 2.63e-05
Epoch  29/40 | Train 99.81% | Test 82.53% | LR 2.25e-05
Epoch  30/40 | Train 99.89% | Test 82.70% | LR 1.88e-05
Epoch  31/40 | Train 99.87% | Test 83.07% | LR 1.54e-05
Epoch  32/40 | Train 99.92% | Test 83.01% | LR 1.23e-05
Epoch  33/40 | Train 99.95% | Test 83.20% | LR 9.55e-06
Epoch  34/40 | Train 99.95% | Test 83.36% | LR 7.08e-06
Epoch  35/40 | Train 99.95% | Test 83.50% | LR 4.95e-06
Epoch  36/40 | Train 99.96% | Test 83.49% | LR 3.19e-06
Epoch  37/40 | Train 99.96% | Test 83.51% | LR 1.80e-06
Epoch  38/40 | Train 99.97% | Test 83.59% | LR 8.04e-07
Epoch  39/40 | Train 99.97% | Test 83.60% | LR 2.01e-07
Epoch  40/40 | Train 99.97% | Test 83.57% | LR 0.00e+00

==================================================
Done: p30_ft
  Best test acc: 83.60%
  Final test acc: 83.57%
  Time: 48.2 min
  Saved to: ./outputs/p30_ft
==================================================
[6/7] Training pruned-30% from scratch (Scratch-E)...
Device: cuda

==================================================
DeiT-Small (prune30, scratch)
  Total params:     14,615,524
  Attention params: 4,732,416
  MLP params:       9,454,080
  Other params:     429,028
==================================================


Training p30_scrE for 40 epochs (lr=0.0005)

Epoch   1/40 | Train 11.07% | Test 17.06% | LR 2.00e-04
Epoch   2/40 | Train 18.33% | Test 22.31% | LR 3.00e-04
Epoch   3/40 | Train 22.17% | Test 25.31% | LR 4.00e-04
Epoch   4/40 | Train 25.53% | Test 28.00% | LR 5.00e-04
Epoch   5/40 | Train 27.50% | Test 28.79% | LR 5.00e-04
Epoch   6/40 | Train 31.57% | Test 32.01% | LR 4.99e-04
Epoch   7/40 | Train 34.78% | Test 36.15% | LR 4.96e-04
Epoch   8/40 | Train 38.39% | Test 38.77% | LR 4.91e-04
Epoch   9/40 | Train 41.70% | Test 40.92% | LR 4.84e-04
Epoch  10/40 | Train 44.99% | Test 44.04% | LR 4.75e-04
Epoch  11/40 | Train 48.19% | Test 44.98% | LR 4.65e-04
Epoch  12/40 | Train 51.43% | Test 45.31% | LR 4.52e-04
Epoch  13/40 | Train 55.50% | Test 47.39% | LR 4.38e-04
Epoch  14/40 | Train 60.07% | Test 47.20% | LR 4.23e-04
Epoch  15/40 | Train 64.67% | Test 48.42% | LR 4.06e-04
Epoch  16/40 | Train 69.11% | Test 49.60% | LR 3.88e-04
Epoch  17/40 | Train 73.77% | Test 50.30% | LR 3.68e-04
Epoch  18/40 | Train 79.25% | Test 49.83% | LR 3.48e-04
Epoch  19/40 | Train 83.70% | Test 50.43% | LR 3.27e-04
Epoch  20/40 | Train 87.33% | Test 50.91% | LR 3.06e-04
Epoch  21/40 | Train 90.09% | Test 50.74% | LR 2.84e-04
Epoch  22/40 | Train 92.50% | Test 50.83% | LR 2.61e-04
Epoch  23/40 | Train 94.05% | Test 50.63% | LR 2.39e-04
Epoch  24/40 | Train 95.47% | Test 51.41% | LR 2.16e-04
Epoch  25/40 | Train 96.50% | Test 51.47% | LR 1.94e-04
Epoch  26/40 | Train 97.00% | Test 51.80% | LR 1.73e-04
Epoch  27/40 | Train 97.87% | Test 52.10% | LR 1.52e-04
Epoch  28/40 | Train 98.60% | Test 53.09% | LR 1.32e-04
Epoch  29/40 | Train 98.71% | Test 52.72% | LR 1.12e-04
Epoch  30/40 | Train 99.14% | Test 53.09% | LR 9.41e-05
Epoch  31/40 | Train 99.34% | Test 53.20% | LR 7.72e-05
Epoch  32/40 | Train 99.44% | Test 53.19% | LR 6.17e-05
Epoch  33/40 | Train 99.58% | Test 53.85% | LR 4.77e-05
Epoch  34/40 | Train 99.70% | Test 53.47% | LR 3.54e-05
Epoch  35/40 | Train 99.77% | Test 53.96% | LR 2.48e-05
Epoch  36/40 | Train 99.87% | Test 53.96% | LR 1.59e-05
Epoch  37/40 | Train 99.88% | Test 54.20% | LR 9.01e-06
Epoch  38/40 | Train 99.89% | Test 53.91% | LR 4.02e-06
Epoch  39/40 | Train 99.90% | Test 54.12% | LR 1.01e-06
Epoch  40/40 | Train 99.91% | Test 54.11% | LR 0.00e+00

==================================================
Done: p30_scrE
  Best test acc: 54.20%
  Final test acc: 54.11%
  Time: 48.2 min
  Saved to: ./outputs/p30_scrE
==================================================
[7/7] Training pruned-30% from scratch (Scratch-B)...
Device: cuda

==================================================
DeiT-Small (prune30, scratch)
  Total params:     14,615,524
  Attention params: 4,732,416
  MLP params:       9,454,080
  Other params:     429,028
==================================================


Training p30_scrB for 100 epochs (lr=0.0005)

Epoch   1/100 | Train 11.07% | Test 17.06% | LR 2.00e-04
Epoch   2/100 | Train 18.33% | Test 22.31% | LR 3.00e-04
Epoch   3/100 | Train 22.17% | Test 25.31% | LR 4.00e-04
Epoch   4/100 | Train 25.53% | Test 28.00% | LR 5.00e-04
Epoch   5/100 | Train 27.50% | Test 28.79% | LR 5.00e-04
Epoch   6/100 | Train 31.57% | Test 32.01% | LR 5.00e-04
Epoch   7/100 | Train 35.00% | Test 35.87% | LR 4.99e-04
Epoch   8/100 | Train 38.63% | Test 38.50% | LR 4.99e-04
Epoch   9/100 | Train 41.43% | Test 41.42% | LR 4.98e-04
Epoch  10/100 | Train 44.93% | Test 42.63% | LR 4.97e-04
Epoch  11/100 | Train 47.87% | Test 43.69% | LR 4.95e-04
Epoch  12/100 | Train 50.79% | Test 45.60% | LR 4.93e-04
Epoch  13/100 | Train 54.63% | Test 46.44% | LR 4.91e-04
Epoch  14/100 | Train 58.24% | Test 47.79% | LR 4.89e-04
Epoch  15/100 | Train 62.14% | Test 48.79% | LR 4.86e-04
Epoch  16/100 | Train 66.44% | Test 49.18% | LR 4.84e-04
Epoch  17/100 | Train 69.91% | Test 49.66% | LR 4.81e-04
Epoch  18/100 | Train 74.56% | Test 49.33% | LR 4.77e-04
Epoch  19/100 | Train 78.21% | Test 49.70% | LR 4.74e-04
Epoch  20/100 | Train 81.58% | Test 49.26% | LR 4.70e-04
Epoch  21/100 | Train 84.60% | Test 49.06% | LR 4.66e-04
Epoch  22/100 | Train 86.06% | Test 49.77% | LR 4.62e-04
Epoch  23/100 | Train 88.00% | Test 48.78% | LR 4.57e-04
Epoch  24/100 | Train 89.43% | Test 50.00% | LR 4.52e-04
Epoch  25/100 | Train 90.21% | Test 50.53% | LR 4.47e-04
Epoch  26/100 | Train 91.24% | Test 49.94% | LR 4.42e-04
Epoch  27/100 | Train 91.99% | Test 49.26% | LR 4.37e-04
Epoch  28/100 | Train 92.27% | Test 49.70% | LR 4.31e-04
Epoch  29/100 | Train 93.56% | Test 49.58% | LR 4.25e-04
Epoch  30/100 | Train 93.04% | Test 49.99% | LR 4.19e-04
Epoch  31/100 | Train 93.48% | Test 49.64% | LR 4.13e-04
Epoch  32/100 | Train 94.53% | Test 50.68% | LR 4.07e-04
Epoch  33/100 | Train 94.79% | Test 49.48% | LR 4.00e-04
Epoch  34/100 | Train 94.85% | Test 50.44% | LR 3.94e-04
Epoch  35/100 | Train 95.57% | Test 50.45% | LR 3.87e-04
Epoch  36/100 | Train 95.78% | Test 50.39% | LR 3.80e-04
Epoch  37/100 | Train 96.36% | Test 50.13% | LR 3.73e-04
Epoch  38/100 | Train 95.71% | Test 50.23% | LR 3.65e-04
Epoch  39/100 | Train 95.85% | Test 50.57% | LR 3.58e-04
Epoch  40/100 | Train 96.67% | Test 51.53% | LR 3.50e-04
Epoch  41/100 | Train 96.62% | Test 50.83% | LR 3.43e-04
Epoch  42/100 | Train 97.25% | Test 52.05% | LR 3.35e-04
Epoch  43/100 | Train 97.27% | Test 51.40% | LR 3.27e-04
Epoch  44/100 | Train 97.26% | Test 50.98% | LR 3.19e-04
Epoch  45/100 | Train 97.49% | Test 51.00% | LR 3.11e-04
Epoch  46/100 | Train 97.83% | Test 51.45% | LR 3.03e-04
Epoch  47/100 | Train 97.82% | Test 51.30% | LR 2.95e-04
Epoch  48/100 | Train 97.92% | Test 51.05% | LR 2.87e-04
Epoch  49/100 | Train 97.98% | Test 51.22% | LR 2.79e-04
Epoch  50/100 | Train 98.07% | Test 51.10% | LR 2.71e-04
Epoch  51/100 | Train 98.63% | Test 51.63% | LR 2.62e-04
Epoch  52/100 | Train 98.48% | Test 51.32% | LR 2.54e-04
Epoch  53/100 | Train 98.50% | Test 52.23% | LR 2.46e-04
Epoch  54/100 | Train 98.62% | Test 52.73% | LR 2.38e-04
Epoch  55/100 | Train 98.74% | Test 52.06% | LR 2.29e-04
Epoch  56/100 | Train 99.08% | Test 51.92% | LR 2.21e-04
Epoch  57/100 | Train 98.80% | Test 51.92% | LR 2.13e-04
Epoch  58/100 | Train 98.85% | Test 51.27% | LR 2.05e-04
Epoch  59/100 | Train 99.18% | Test 52.39% | LR 1.97e-04
Epoch  60/100 | Train 99.29% | Test 52.42% | LR 1.89e-04
Epoch  61/100 | Train 99.07% | Test 52.18% | LR 1.81e-04
Epoch  62/100 | Train 99.37% | Test 52.39% | LR 1.73e-04
Epoch  63/100 | Train 99.46% | Test 52.60% | LR 1.65e-04
Epoch  64/100 | Train 99.37% | Test 52.35% | LR 1.57e-04
Epoch  65/100 | Train 99.49% | Test 52.21% | LR 1.50e-04
Epoch  66/100 | Train 99.56% | Test 53.36% | LR 1.42e-04
Epoch  67/100 | Train 99.61% | Test 53.38% | LR 1.35e-04
Epoch  68/100 | Train 99.69% | Test 54.04% | LR 1.27e-04
Epoch  69/100 | Train 99.77% | Test 53.21% | LR 1.20e-04
Epoch  70/100 | Train 99.73% | Test 52.58% | LR 1.13e-04
Epoch  71/100 | Train 99.71% | Test 53.00% | LR 1.06e-04
Epoch  72/100 | Train 99.68% | Test 53.93% | LR 9.97e-05
Epoch  73/100 | Train 99.75% | Test 54.21% | LR 9.32e-05
Epoch  74/100 | Train 99.80% | Test 54.02% | LR 8.69e-05
Epoch  75/100 | Train 99.89% | Test 54.14% | LR 8.07e-05
Epoch  76/100 | Train 99.87% | Test 54.39% | LR 7.47e-05
Epoch  77/100 | Train 99.89% | Test 53.94% | LR 6.89e-05
Epoch  78/100 | Train 99.87% | Test 54.16% | LR 6.33e-05
Epoch  79/100 | Train 99.92% | Test 54.64% | LR 5.79e-05
Epoch  80/100 | Train 99.94% | Test 53.80% | LR 5.27e-05
Epoch  81/100 | Train 99.90% | Test 53.97% | LR 4.77e-05
Epoch  82/100 | Train 99.92% | Test 53.71% | LR 4.30e-05
Epoch  83/100 | Train 99.92% | Test 54.12% | LR 3.85e-05
Epoch  84/100 | Train 99.95% | Test 54.40% | LR 3.42e-05
Epoch  85/100 | Train 99.94% | Test 54.50% | LR 3.01e-05
Epoch  86/100 | Train 99.94% | Test 54.35% | LR 2.63e-05
Epoch  87/100 | Train 99.94% | Test 54.38% | LR 2.27e-05
Epoch  88/100 | Train 99.94% | Test 54.22% | LR 1.94e-05
Epoch  89/100 | Train 99.95% | Test 54.54% | LR 1.64e-05
Epoch  90/100 | Train 99.96% | Test 54.66% | LR 1.35e-05
Epoch  91/100 | Train 99.96% | Test 54.72% | LR 1.10e-05
Epoch  92/100 | Train 99.96% | Test 54.83% | LR 8.70e-06
Epoch  93/100 | Train 99.96% | Test 54.80% | LR 6.67e-06
Epoch  94/100 | Train 99.97% | Test 54.93% | LR 4.91e-06
Epoch  95/100 | Train 99.97% | Test 55.04% | LR 3.41e-06
Epoch  96/100 | Train 99.97% | Test 54.97% | LR 2.18e-06
Epoch  97/100 | Train 99.97% | Test 55.00% | LR 1.23e-06
Epoch  98/100 | Train 99.98% | Test 54.81% | LR 5.47e-07
Epoch  99/100 | Train 99.97% | Test 54.80% | LR 1.37e-07
Epoch 100/100 | Train 99.98% | Test 54.80% | LR 0.00e+00

==================================================
Done: p30_scrB
  Best test acc: 55.04%
  Final test acc: 54.80%
  Time: 120.6 min
  Saved to: ./outputs/p30_scrB
==================================================

============================================
 PHASE 1 COMPLETE — All models trained.
============================================
